<?xml version="1.0" encoding="UTF-8"?>
<testng-results ignored="0" total="1" passed="1" failed="0" skipped="0">
  <reporter-output>
  </reporter-output>
  <suite started-at="2024-06-04T15:07:52 IST" name="Default suite" finished-at="2024-06-04T15:08:10 IST" duration-ms="17657">
    <groups>
    </groups>
    <test started-at="2024-06-04T15:07:52 IST" name="Default test" finished-at="2024-06-04T15:08:10 IST" duration-ms="17657">
      <class name="com.test.acadally.TC_QuickChapterAssign">
        <test-method is-config="true" signature="setUp()[pri:0, instance:com.test.acadally.TC_QuickChapterAssign@5bda8e08]" started-at="2024-06-04T15:07:52 IST" name="setUp" finished-at="2024-06-04T15:07:56 IST" duration-ms="4258" status="PASS">
          <reporter-output>
          </reporter-output>
        </test-method> <!-- setUp -->
        <test-method signature="AssignChapter()[pri:0, instance:com.test.acadally.TC_QuickChapterAssign@5bda8e08]" started-at="2024-06-04T15:07:56 IST" name="AssignChapter" finished-at="2024-06-04T15:08:10 IST" duration-ms="13322" status="PASS">
          <reporter-output>
          </reporter-output>
        </test-method> <!-- AssignChapter -->
        <test-method is-config="true" signature="tearDown()[pri:0, instance:com.test.acadally.TC_QuickChapterAssign@5bda8e08]" started-at="2024-06-04T15:08:10 IST" name="tearDown" finished-at="2024-06-04T15:08:10 IST" duration-ms="4" status="PASS">
          <reporter-output>
          </reporter-output>
        </test-method> <!-- tearDown -->
      </class> <!-- com.test.acadally.TC_QuickChapterAssign -->
    </test> <!-- Default test -->
  </suite> <!-- Default suite -->
</testng-results>
